{"name": "test_user_flow", "status": "broken", "statusDetails": {"message": "selenium.common.exceptions.NoSuchElementException: Message: no such element: Unable to locate element: {\"method\":\"css selector\",\"selector\":\".btn.btn-primary.Enregistrer_btn.bg-blue .profile_submit\"}\n  (Session info: chrome=124.0.6367.201); For documentation on this error, please visit: https://www.selenium.dev/documentation/webdriver/troubleshooting/errors#no-such-element-exception\nStacktrace:\n\tGetHandleVerifier [0x00007FF703A91562+60802]\n\t(No symbol) [0x00007FF703A0AC62]\n\t(No symbol) [0x00007FF7038C7CE4]\n\t(No symbol) [0x00007FF703916D4D]\n\t(No symbol) [0x00007FF703916E1C]\n\t(No symbol) [0x00007FF70395CE37]\n\t(No symbol) [0x00007FF70393ABBF]\n\t(No symbol) [0x00007FF70395A224]\n\t(No symbol) [0x00007FF70393A923]\n\t(No symbol) [0x00007FF703908FEC]\n\t(No symbol) [0x00007FF703909C21]\n\tGetHandleVerifier [0x00007FF703D941FD+3217949]\n\tGetHandleVerifier [0x00007FF703DD6197+3488183]\n\tGetHandleVerifier [0x00007FF703DCF11F+3459391]\n\tGetHandleVerifier [0x00007FF703B4B926+823622]\n\t(No symbol) [0x00007FF703A15FFF]\n\t(No symbol) [0x00007FF703A10F24]\n\t(No symbol) [0x00007FF703A110B2]\n\t(No symbol) [0x00007FF703A01904]\n\tBaseThreadInitThunk [0x00007FFAD400257D+29]\n\tRtlUserThreadStart [0x00007FFAD5E4AA48+40]", "trace": "def test_user_flow():\n        # Initialize the WebDriver (change the driver path as needed)\n        driver = webdriver.Chrome()\n    \n        try:\n>           execute_test_with_maximized_screen(driver)\n\nezi_backend_automation\\test_partner_automation.py:198: \n_ _ _ _ _ _ _ _ _ _ _ _ _ _ _ _ _ _ _ _ _ _ _ _ _ _ _ _ _ _ _ _ _ _ _ _ _ _ _ _ _ _ _ _ _ _ _ _ _ _ _ _ _ _ _ _ _ _ _ _ _ _ _ _ _ _ _ _ _ _ _ _ _ _ _ _ _ _ _ _ _ _ _ _ _ _ _ _ _ _\nezi_backend_automation\\test_partner_automation.py:148: in execute_test_with_maximized_screen\n    click_profile_updatebutton=driver.find_element(By.CLASS_NAME,\"btn.btn-primary.Enregistrer_btn.bg-blue .profile_submit\").click()\nvenv\\Lib\\site-packages\\selenium\\webdriver\\remote\\webdriver.py:741: in find_element\n    return self.execute(Command.FIND_ELEMENT, {\"using\": by, \"value\": value})[\"value\"]\nvenv\\Lib\\site-packages\\selenium\\webdriver\\remote\\webdriver.py:347: in execute\n    self.error_handler.check_response(response)\n_ _ _ _ _ _ _ _ _ _ _ _ _ _ _ _ _ _ _ _ _ _ _ _ _ _ _ _ _ _ _ _ _ _ _ _ _ _ _ _ _ _ _ _ _ _ _ _ _ _ _ _ _ _ _ _ _ _ _ _ _ _ _ _ _ _ _ _ _ _ _ _ _ _ _ _ _ _ _ _ _ _ _ _ _ _ _ _ _ _\n\nself = <selenium.webdriver.remote.errorhandler.ErrorHandler object at 0x000001E77898A8D0>\nresponse = {'status': 404, 'value': '{\"value\":{\"error\":\"no such element\",\"message\":\"no such element: Unable to locate element: {\\...07FF703A01904]\\\\n\\\\tBaseThreadInitThunk [0x00007FFAD400257D+29]\\\\n\\\\tRtlUserThreadStart [0x00007FFAD5E4AA48+40]\\\\n\"}}'}\n\n    def check_response(self, response: Dict[str, Any]) -> None:\n        \"\"\"Checks that a JSON response from the WebDriver does not have an\n        error.\n    \n        :Args:\n         - response - The JSON response from the WebDriver server as a dictionary\n           object.\n    \n        :Raises: If the response contains an error message.\n        \"\"\"\n        status = response.get(\"status\", None)\n        if not status or status == ErrorCode.SUCCESS:\n            return\n        value = None\n        message = response.get(\"message\", \"\")\n        screen: str = response.get(\"screen\", \"\")\n        stacktrace = None\n        if isinstance(status, int):\n            value_json = response.get(\"value\", None)\n            if value_json and isinstance(value_json, str):\n                import json\n    \n                try:\n                    value = json.loads(value_json)\n                    if len(value) == 1:\n                        value = value[\"value\"]\n                    status = value.get(\"error\", None)\n                    if not status:\n                        status = value.get(\"status\", ErrorCode.UNKNOWN_ERROR)\n                        message = value.get(\"value\") or value.get(\"message\")\n                        if not isinstance(message, str):\n                            value = message\n                            message = message.get(\"message\")\n                    else:\n                        message = value.get(\"message\", None)\n                except ValueError:\n                    pass\n    \n        exception_class: Type[WebDriverException]\n        e = ErrorCode()\n        error_codes = [item for item in dir(e) if not item.startswith(\"__\")]\n        for error_code in error_codes:\n            error_info = getattr(ErrorCode, error_code)\n            if isinstance(error_info, list) and status in error_info:\n                exception_class = getattr(ExceptionMapping, error_code, WebDriverException)\n                break\n        else:\n            exception_class = WebDriverException\n    \n        if not value:\n            value = response[\"value\"]\n        if isinstance(value, str):\n            raise exception_class(value)\n        if message == \"\" and \"message\" in value:\n            message = value[\"message\"]\n    \n        screen = None  # type: ignore[assignment]\n        if \"screen\" in value:\n            screen = value[\"screen\"]\n    \n        stacktrace = None\n        st_value = value.get(\"stackTrace\") or value.get(\"stacktrace\")\n        if st_value:\n            if isinstance(st_value, str):\n                stacktrace = st_value.split(\"\\n\")\n            else:\n                stacktrace = []\n                try:\n                    for frame in st_value:\n                        line = frame.get(\"lineNumber\", \"\")\n                        file = frame.get(\"fileName\", \"<anonymous>\")\n                        if line:\n                            file = f\"{file}:{line}\"\n                        meth = frame.get(\"methodName\", \"<anonymous>\")\n                        if \"className\" in frame:\n                            meth = f\"{frame['className']}.{meth}\"\n                        msg = \"    at %s (%s)\"\n                        msg = msg % (meth, file)\n                        stacktrace.append(msg)\n                except TypeError:\n                    pass\n        if exception_class == UnexpectedAlertPresentException:\n            alert_text = None\n            if \"data\" in value:\n                alert_text = value[\"data\"].get(\"text\")\n            elif \"alert\" in value:\n                alert_text = value[\"alert\"].get(\"text\")\n            raise exception_class(message, screen, stacktrace, alert_text)  # type: ignore[call-arg]  # mypy is not smart enough here\n>       raise exception_class(message, screen, stacktrace)\nE       selenium.common.exceptions.NoSuchElementException: Message: no such element: Unable to locate element: {\"method\":\"css selector\",\"selector\":\".btn.btn-primary.Enregistrer_btn.bg-blue .profile_submit\"}\nE         (Session info: chrome=124.0.6367.201); For documentation on this error, please visit: https://www.selenium.dev/documentation/webdriver/troubleshooting/errors#no-such-element-exception\nE       Stacktrace:\nE       \tGetHandleVerifier [0x00007FF703A91562+60802]\nE       \t(No symbol) [0x00007FF703A0AC62]\nE       \t(No symbol) [0x00007FF7038C7CE4]\nE       \t(No symbol) [0x00007FF703916D4D]\nE       \t(No symbol) [0x00007FF703916E1C]\nE       \t(No symbol) [0x00007FF70395CE37]\nE       \t(No symbol) [0x00007FF70393ABBF]\nE       \t(No symbol) [0x00007FF70395A224]\nE       \t(No symbol) [0x00007FF70393A923]\nE       \t(No symbol) [0x00007FF703908FEC]\nE       \t(No symbol) [0x00007FF703909C21]\nE       \tGetHandleVerifier [0x00007FF703D941FD+3217949]\nE       \tGetHandleVerifier [0x00007FF703DD6197+3488183]\nE       \tGetHandleVerifier [0x00007FF703DCF11F+3459391]\nE       \tGetHandleVerifier [0x00007FF703B4B926+823622]\nE       \t(No symbol) [0x00007FF703A15FFF]\nE       \t(No symbol) [0x00007FF703A10F24]\nE       \t(No symbol) [0x00007FF703A110B2]\nE       \t(No symbol) [0x00007FF703A01904]\nE       \tBaseThreadInitThunk [0x00007FFAD400257D+29]\nE       \tRtlUserThreadStart [0x00007FFAD5E4AA48+40]\n\nvenv\\Lib\\site-packages\\selenium\\webdriver\\remote\\errorhandler.py:229: NoSuchElementException"}, "attachments": [{"name": "siteload", "source": "75393844-083e-4b8b-8ca5-b655b3de5eb0-attachment.png", "type": "image/png"}, {"name": "click_login_button", "source": "b5edc222-287d-4530-a931-3545e53f6938-attachment.png", "type": "image/png"}, {"name": "email and password", "source": "9c4cff7a-bf07-47db-ba9d-d2e2409908f8-attachment.png", "type": "image/png"}, {"name": "after login", "source": "afa524dd-77fa-4685-950b-ac19ffbceebb-attachment.png", "type": "image/png"}, {"name": "click_employee drawer", "source": "062d0ebd-8b92-4fd3-9dbd-df631c09fb4d-attachment.png", "type": "image/png"}, {"name": "select_employee_name", "source": "93aae327-d93b-4327-bddd-a52ec099ce2c-attachment.png", "type": "image/png"}, {"name": "select_employee_name", "source": "b0222882-4b5e-4acf-bc0d-11b803fc478f-attachment.png", "type": "image/png"}, {"name": "click_customer_button", "source": "11b3261f-4eab-4d80-bbfd-5019b4dc40c4-attachment.png", "type": "image/png"}, {"name": "click_importer_button", "source": "173cbac4-c7b6-4252-866c-10bceef4b025-attachment.png", "type": "image/png"}, {"name": "click_download_button", "source": "18419195-9ff7-4026-ae2f-120bb20699b0-attachment.png", "type": "image/png"}, {"name": "click_client button", "source": "b13f8d23-b835-4d45-a9ab-c09f7fc29c6a-attachment.png", "type": "image/png"}, {"name": "search_partner_name", "source": "45999ff8-67fe-4333-932c-ae1a41f153ff-attachment.png", "type": "image/png"}, {"name": "click_search_name", "source": "a9eb1657-8bfe-4b8c-84e2-b575a119edfa-attachment.png", "type": "image/png"}, {"name": " click_rendez_vous", "source": "f62ba647-d047-42e6-b118-04cff5f7f193-attachment.png", "type": "image/png"}, {"name": "click_commenter", "source": "9b291e04-968f-4149-90a1-c97f72266414-attachment.png", "type": "image/png"}, {"name": "click_in_regards", "source": "0da30f38-44cf-4330-b643-930837e964a2-attachment.png", "type": "image/png"}, {"name": "click_edit_customer_details", "source": "ded8dce5-0761-4d91-876f-0559127b1c2b-attachment.png", "type": "image/png"}, {"name": "click_lastname_box", "source": "1310a46a-9bdb-441e-84a0-a69548ce7dea-attachment.png", "type": "image/png"}, {"name": "click_date0fbirth_box", "source": "12c2a41b-5ee6-48a4-848d-03b5c2caa51e-attachment.png", "type": "image/png"}], "start": 1715493707000, "stop": 1715493773455, "uuid": "84b4e75e-8dde-4ff1-8296-14c8d7f705a6", "historyId": "ee5cea4a028037182ab0a7631ade7d95", "testCaseId": "ee5cea4a028037182ab0a7631ade7d95", "fullName": "ezi_backend_automation.test_partner_automation#test_user_flow", "labels": [{"name": "parentSuite", "value": "ezi_backend_automation"}, {"name": "suite", "value": "test_partner_automation"}, {"name": "host", "value": "Ravi"}, {"name": "thread", "value": "21880-MainThread"}, {"name": "framework", "value": "pytest"}, {"name": "language", "value": "cpython3"}, {"name": "package", "value": "ezi_backend_automation.test_partner_automation"}]}