{"name": "test_user_flow", "status": "broken", "statusDetails": {"message": "selenium.common.exceptions.JavascriptException: Message: javascript error: {\"status\":32,\"value\":\"Unable to locate an element with the xpath expression //select[@name='servicename because of the following error:\\nSyntaxError: Failed to execute 'evaluate' on 'Document': The string '//select[@name='servicename' is not a valid XPath expression.\"}\n  (Session info: chrome=124.0.6367.119)\nStacktrace:\n\tGetHandleVerifier [0x00007FF6D9721572+60802]\n\t(No symbol) [0x00007FF6D969AC72]\n\t(No symbol) [0x00007FF6D9557CE4]\n\t(No symbol) [0x00007FF6D955DE26]\n\t(No symbol) [0x00007FF6D95601DB]\n\t(No symbol) [0x00007FF6D9560280]\n\t(No symbol) [0x00007FF6D95A6A11]\n\t(No symbol) [0x00007FF6D95A6E1C]\n\t(No symbol) [0x00007FF6D95ECE37]\n\t(No symbol) [0x00007FF6D95CABBF]\n\t(No symbol) [0x00007FF6D95EA224]\n\t(No symbol) [0x00007FF6D95CA923]\n\t(No symbol) [0x00007FF6D9598FEC]\n\t(No symbol) [0x00007FF6D9599C21]\n\tGetHandleVerifier [0x00007FF6D9A2420D+3217949]\n\tGetHandleVerifier [0x00007FF6D9A661A7+3488183]\n\tGetHandleVerifier [0x00007FF6D9A5F12F+3459391]\n\tGetHandleVerifier [0x00007FF6D97DB936+823622]\n\t(No symbol) [0x00007FF6D96A600F]\n\t(No symbol) [0x00007FF6D96A0F34]\n\t(No symbol) [0x00007FF6D96A10C2]\n\t(No symbol) [0x00007FF6D9691914]\n\tBaseThreadInitThunk [0x00007FFAD400257D+29]\n\tRtlUserThreadStart [0x00007FFAD5E4AA48+40]", "trace": "def test_user_flow():\n        # Initialize the WebDriver (change the driver path as needed)\n        driver = webdriver.Chrome()\n    \n        try:\n>           execute_test_with_maximized_screen(driver)\n\nezi_backend_automation\\test_partner_automation.py:96: \n_ _ _ _ _ _ _ _ _ _ _ _ _ _ _ _ _ _ _ _ _ _ _ _ _ _ _ _ _ _ _ _ _ _ _ _ _ _ _ _ _ _ _ _ _ _ _ _ _ _ _ _ _ _ _ _ _ _ _ _ _ _ _ _ _ _ _ _ _ _ _ _ _ _ _ _ _ _ _ _ _ _ _ _ _ _ _ _ _ _ _ _ _ _ _ _ _ _ _ _ _ _ _ _ _ _ _ _ _ _ _ _ _ _\nezi_backend_automation\\test_partner_automation.py:71: in execute_test_with_maximized_screen\n    click_service_drawer=driver.find_element(By.XPATH,\"//select[@name='servicename\")\nvenv\\Lib\\site-packages\\selenium\\webdriver\\remote\\webdriver.py:741: in find_element\n    return self.execute(Command.FIND_ELEMENT, {\"using\": by, \"value\": value})[\"value\"]\nvenv\\Lib\\site-packages\\selenium\\webdriver\\remote\\webdriver.py:347: in execute\n    self.error_handler.check_response(response)\n_ _ _ _ _ _ _ _ _ _ _ _ _ _ _ _ _ _ _ _ _ _ _ _ _ _ _ _ _ _ _ _ _ _ _ _ _ _ _ _ _ _ _ _ _ _ _ _ _ _ _ _ _ _ _ _ _ _ _ _ _ _ _ _ _ _ _ _ _ _ _ _ _ _ _ _ _ _ _ _ _ _ _ _ _ _ _ _ _ _ _ _ _ _ _ _ _ _ _ _ _ _ _ _ _ _ _ _ _ _ _ _ _ _\n\nself = <selenium.webdriver.remote.errorhandler.ErrorHandler object at 0x0000026A08405C10>\nresponse = {'status': 500, 'value': '{\"value\":{\"error\":\"javascript error\",\"message\":\"javascript error: {\\\\\"status\\\\\":32,\\\\\"value\\...07FF6D9691914]\\\\n\\\\tBaseThreadInitThunk [0x00007FFAD400257D+29]\\\\n\\\\tRtlUserThreadStart [0x00007FFAD5E4AA48+40]\\\\n\"}}'}\n\n    def check_response(self, response: Dict[str, Any]) -> None:\n        \"\"\"Checks that a JSON response from the WebDriver does not have an\n        error.\n    \n        :Args:\n         - response - The JSON response from the WebDriver server as a dictionary\n           object.\n    \n        :Raises: If the response contains an error message.\n        \"\"\"\n        status = response.get(\"status\", None)\n        if not status or status == ErrorCode.SUCCESS:\n            return\n        value = None\n        message = response.get(\"message\", \"\")\n        screen: str = response.get(\"screen\", \"\")\n        stacktrace = None\n        if isinstance(status, int):\n            value_json = response.get(\"value\", None)\n            if value_json and isinstance(value_json, str):\n                import json\n    \n                try:\n                    value = json.loads(value_json)\n                    if len(value) == 1:\n                        value = value[\"value\"]\n                    status = value.get(\"error\", None)\n                    if not status:\n                        status = value.get(\"status\", ErrorCode.UNKNOWN_ERROR)\n                        message = value.get(\"value\") or value.get(\"message\")\n                        if not isinstance(message, str):\n                            value = message\n                            message = message.get(\"message\")\n                    else:\n                        message = value.get(\"message\", None)\n                except ValueError:\n                    pass\n    \n        exception_class: Type[WebDriverException]\n        e = ErrorCode()\n        error_codes = [item for item in dir(e) if not item.startswith(\"__\")]\n        for error_code in error_codes:\n            error_info = getattr(ErrorCode, error_code)\n            if isinstance(error_info, list) and status in error_info:\n                exception_class = getattr(ExceptionMapping, error_code, WebDriverException)\n                break\n        else:\n            exception_class = WebDriverException\n    \n        if not value:\n            value = response[\"value\"]\n        if isinstance(value, str):\n            raise exception_class(value)\n        if message == \"\" and \"message\" in value:\n            message = value[\"message\"]\n    \n        screen = None  # type: ignore[assignment]\n        if \"screen\" in value:\n            screen = value[\"screen\"]\n    \n        stacktrace = None\n        st_value = value.get(\"stackTrace\") or value.get(\"stacktrace\")\n        if st_value:\n            if isinstance(st_value, str):\n                stacktrace = st_value.split(\"\\n\")\n            else:\n                stacktrace = []\n                try:\n                    for frame in st_value:\n                        line = frame.get(\"lineNumber\", \"\")\n                        file = frame.get(\"fileName\", \"<anonymous>\")\n                        if line:\n                            file = f\"{file}:{line}\"\n                        meth = frame.get(\"methodName\", \"<anonymous>\")\n                        if \"className\" in frame:\n                            meth = f\"{frame['className']}.{meth}\"\n                        msg = \"    at %s (%s)\"\n                        msg = msg % (meth, file)\n                        stacktrace.append(msg)\n                except TypeError:\n                    pass\n        if exception_class == UnexpectedAlertPresentException:\n            alert_text = None\n            if \"data\" in value:\n                alert_text = value[\"data\"].get(\"text\")\n            elif \"alert\" in value:\n                alert_text = value[\"alert\"].get(\"text\")\n            raise exception_class(message, screen, stacktrace, alert_text)  # type: ignore[call-arg]  # mypy is not smart enough here\n>       raise exception_class(message, screen, stacktrace)\nE       selenium.common.exceptions.JavascriptException: Message: javascript error: {\"status\":32,\"value\":\"Unable to locate an element with the xpath expression //select[@name='servicename because of the following error:\\nSyntaxError: Failed to execute 'evaluate' on 'Document': The string '//select[@name='servicename' is not a valid XPath expression.\"}\nE         (Session info: chrome=124.0.6367.119)\nE       Stacktrace:\nE       \tGetHandleVerifier [0x00007FF6D9721572+60802]\nE       \t(No symbol) [0x00007FF6D969AC72]\nE       \t(No symbol) [0x00007FF6D9557CE4]\nE       \t(No symbol) [0x00007FF6D955DE26]\nE       \t(No symbol) [0x00007FF6D95601DB]\nE       \t(No symbol) [0x00007FF6D9560280]\nE       \t(No symbol) [0x00007FF6D95A6A11]\nE       \t(No symbol) [0x00007FF6D95A6E1C]\nE       \t(No symbol) [0x00007FF6D95ECE37]\nE       \t(No symbol) [0x00007FF6D95CABBF]\nE       \t(No symbol) [0x00007FF6D95EA224]\nE       \t(No symbol) [0x00007FF6D95CA923]\nE       \t(No symbol) [0x00007FF6D9598FEC]\nE       \t(No symbol) [0x00007FF6D9599C21]\nE       \tGetHandleVerifier [0x00007FF6D9A2420D+3217949]\nE       \tGetHandleVerifier [0x00007FF6D9A661A7+3488183]\nE       \tGetHandleVerifier [0x00007FF6D9A5F12F+3459391]\nE       \tGetHandleVerifier [0x00007FF6D97DB936+823622]\nE       \t(No symbol) [0x00007FF6D96A600F]\nE       \t(No symbol) [0x00007FF6D96A0F34]\nE       \t(No symbol) [0x00007FF6D96A10C2]\nE       \t(No symbol) [0x00007FF6D9691914]\nE       \tBaseThreadInitThunk [0x00007FFAD400257D+29]\nE       \tRtlUserThreadStart [0x00007FFAD5E4AA48+40]\n\nvenv\\Lib\\site-packages\\selenium\\webdriver\\remote\\errorhandler.py:229: JavascriptException"}, "attachments": [{"name": "siteload", "source": "f09d5b2b-c490-4f1e-8707-2fddcfb433f9-attachment.png", "type": "image/png"}, {"name": "click_login_button", "source": "b8abe7b6-f003-4e51-963b-85369b96c38b-attachment.png", "type": "image/png"}, {"name": "email and password", "source": "8d72feaf-f17e-4b3d-bd00-bd8f37500ebd-attachment.png", "type": "image/png"}, {"name": "after login", "source": "fd2efec6-acdd-4227-9900-abe0ab38cc69-attachment.png", "type": "image/png"}, {"name": "click_employee drawer", "source": "96094eae-4425-4c93-b7bc-0e9dccb5b9f0-attachment.png", "type": "image/png"}, {"name": "select_employee_name", "source": "21917403-2106-486f-992c-8714cc33b1df-attachment.png", "type": "image/png"}, {"name": "select_employee_name", "source": "4dfffd71-eb35-4951-8c1c-df531bdca94d-attachment.png", "type": "image/png"}, {"name": "Month date select", "source": "b8c3834c-9fa5-4145-a033-c4d8548b494f-attachment.png", "type": "image/png"}, {"name": "click_user_drawer", "source": "156f244d-2fc4-46f3-b19b-ecdb31ec07df-attachment.png", "type": "image/png"}, {"name": "select_user_name", "source": "09a86651-c8e4-4587-bced-7b8357d00416-attachment.png", "type": "image/png"}], "start": 1715173731778, "stop": 1715173771005, "uuid": "f7e0c273-4b58-419e-9f27-e1002fc590a2", "historyId": "ee5cea4a028037182ab0a7631ade7d95", "testCaseId": "ee5cea4a028037182ab0a7631ade7d95", "fullName": "ezi_backend_automation.test_partner_automation#test_user_flow", "labels": [{"name": "parentSuite", "value": "ezi_backend_automation"}, {"name": "suite", "value": "test_partner_automation"}, {"name": "host", "value": "Ravi"}, {"name": "thread", "value": "6972-MainThread"}, {"name": "framework", "value": "pytest"}, {"name": "language", "value": "cpython3"}, {"name": "package", "value": "ezi_backend_automation.test_partner_automation"}]}