{"name": "test_user_flow", "status": "broken", "statusDetails": {"message": "selenium.common.exceptions.JavascriptException: Message: javascript error: {\"status\":32,\"value\":\"Unable to locate an element with the xpath expression //select[@name='servicename because of the following error:\\nSyntaxError: Failed to execute 'evaluate' on 'Document': The string '//select[@name='servicename' is not a valid XPath expression.\"}\n  (Session info: chrome=124.0.6367.119)\nStacktrace:\n\tGetHandleVerifier [0x00007FF7E0AC1572+60802]\n\t(No symbol) [0x00007FF7E0A3AC72]\n\t(No symbol) [0x00007FF7E08F7CE4]\n\t(No symbol) [0x00007FF7E08FDE26]\n\t(No symbol) [0x00007FF7E09001DB]\n\t(No symbol) [0x00007FF7E0900280]\n\t(No symbol) [0x00007FF7E0946A11]\n\t(No symbol) [0x00007FF7E0946E1C]\n\t(No symbol) [0x00007FF7E098CE37]\n\t(No symbol) [0x00007FF7E096ABBF]\n\t(No symbol) [0x00007FF7E098A224]\n\t(No symbol) [0x00007FF7E096A923]\n\t(No symbol) [0x00007FF7E0938FEC]\n\t(No symbol) [0x00007FF7E0939C21]\n\tGetHandleVerifier [0x00007FF7E0DC420D+3217949]\n\tGetHandleVerifier [0x00007FF7E0E061A7+3488183]\n\tGetHandleVerifier [0x00007FF7E0DFF12F+3459391]\n\tGetHandleVerifier [0x00007FF7E0B7B936+823622]\n\t(No symbol) [0x00007FF7E0A4600F]\n\t(No symbol) [0x00007FF7E0A40F34]\n\t(No symbol) [0x00007FF7E0A410C2]\n\t(No symbol) [0x00007FF7E0A31914]\n\tBaseThreadInitThunk [0x00007FFAD400257D+29]\n\tRtlUserThreadStart [0x00007FFAD5E4AA48+40]", "trace": "def test_user_flow():\n        # Initialize the WebDriver (change the driver path as needed)\n        driver = webdriver.Chrome()\n    \n        try:\n>           execute_test_with_maximized_screen(driver)\n\nezi_backend_automation\\test_partner_automation.py:89: \n_ _ _ _ _ _ _ _ _ _ _ _ _ _ _ _ _ _ _ _ _ _ _ _ _ _ _ _ _ _ _ _ _ _ _ _ _ _ _ _ _ _ _ _ _ _ _ _ _ _ _ _ _ _ _ _ _ _ _ _ _ _ _ _ _ _ _ _ _ _ _ _ _ _ _ _ _ _ _ _ _ _ _ _ _ _ _ _ _ _ _ _ _ _ _ _ _ _ _ _ _ _ _ _ _ _ _ _ _ _ _ _ _ _\nezi_backend_automation\\test_partner_automation.py:71: in execute_test_with_maximized_screen\n    click_service_drawer=driver.find_element(By.XPATH,\"//select[@name='servicename\").click()\nvenv\\Lib\\site-packages\\selenium\\webdriver\\remote\\webdriver.py:741: in find_element\n    return self.execute(Command.FIND_ELEMENT, {\"using\": by, \"value\": value})[\"value\"]\nvenv\\Lib\\site-packages\\selenium\\webdriver\\remote\\webdriver.py:347: in execute\n    self.error_handler.check_response(response)\n_ _ _ _ _ _ _ _ _ _ _ _ _ _ _ _ _ _ _ _ _ _ _ _ _ _ _ _ _ _ _ _ _ _ _ _ _ _ _ _ _ _ _ _ _ _ _ _ _ _ _ _ _ _ _ _ _ _ _ _ _ _ _ _ _ _ _ _ _ _ _ _ _ _ _ _ _ _ _ _ _ _ _ _ _ _ _ _ _ _ _ _ _ _ _ _ _ _ _ _ _ _ _ _ _ _ _ _ _ _ _ _ _ _\n\nself = <selenium.webdriver.remote.errorhandler.ErrorHandler object at 0x0000015B47C22210>\nresponse = {'status': 500, 'value': '{\"value\":{\"error\":\"javascript error\",\"message\":\"javascript error: {\\\\\"status\\\\\":32,\\\\\"value\\...07FF7E0A31914]\\\\n\\\\tBaseThreadInitThunk [0x00007FFAD400257D+29]\\\\n\\\\tRtlUserThreadStart [0x00007FFAD5E4AA48+40]\\\\n\"}}'}\n\n    def check_response(self, response: Dict[str, Any]) -> None:\n        \"\"\"Checks that a JSON response from the WebDriver does not have an\n        error.\n    \n        :Args:\n         - response - The JSON response from the WebDriver server as a dictionary\n           object.\n    \n        :Raises: If the response contains an error message.\n        \"\"\"\n        status = response.get(\"status\", None)\n        if not status or status == ErrorCode.SUCCESS:\n            return\n        value = None\n        message = response.get(\"message\", \"\")\n        screen: str = response.get(\"screen\", \"\")\n        stacktrace = None\n        if isinstance(status, int):\n            value_json = response.get(\"value\", None)\n            if value_json and isinstance(value_json, str):\n                import json\n    \n                try:\n                    value = json.loads(value_json)\n                    if len(value) == 1:\n                        value = value[\"value\"]\n                    status = value.get(\"error\", None)\n                    if not status:\n                        status = value.get(\"status\", ErrorCode.UNKNOWN_ERROR)\n                        message = value.get(\"value\") or value.get(\"message\")\n                        if not isinstance(message, str):\n                            value = message\n                            message = message.get(\"message\")\n                    else:\n                        message = value.get(\"message\", None)\n                except ValueError:\n                    pass\n    \n        exception_class: Type[WebDriverException]\n        e = ErrorCode()\n        error_codes = [item for item in dir(e) if not item.startswith(\"__\")]\n        for error_code in error_codes:\n            error_info = getattr(ErrorCode, error_code)\n            if isinstance(error_info, list) and status in error_info:\n                exception_class = getattr(ExceptionMapping, error_code, WebDriverException)\n                break\n        else:\n            exception_class = WebDriverException\n    \n        if not value:\n            value = response[\"value\"]\n        if isinstance(value, str):\n            raise exception_class(value)\n        if message == \"\" and \"message\" in value:\n            message = value[\"message\"]\n    \n        screen = None  # type: ignore[assignment]\n        if \"screen\" in value:\n            screen = value[\"screen\"]\n    \n        stacktrace = None\n        st_value = value.get(\"stackTrace\") or value.get(\"stacktrace\")\n        if st_value:\n            if isinstance(st_value, str):\n                stacktrace = st_value.split(\"\\n\")\n            else:\n                stacktrace = []\n                try:\n                    for frame in st_value:\n                        line = frame.get(\"lineNumber\", \"\")\n                        file = frame.get(\"fileName\", \"<anonymous>\")\n                        if line:\n                            file = f\"{file}:{line}\"\n                        meth = frame.get(\"methodName\", \"<anonymous>\")\n                        if \"className\" in frame:\n                            meth = f\"{frame['className']}.{meth}\"\n                        msg = \"    at %s (%s)\"\n                        msg = msg % (meth, file)\n                        stacktrace.append(msg)\n                except TypeError:\n                    pass\n        if exception_class == UnexpectedAlertPresentException:\n            alert_text = None\n            if \"data\" in value:\n                alert_text = value[\"data\"].get(\"text\")\n            elif \"alert\" in value:\n                alert_text = value[\"alert\"].get(\"text\")\n            raise exception_class(message, screen, stacktrace, alert_text)  # type: ignore[call-arg]  # mypy is not smart enough here\n>       raise exception_class(message, screen, stacktrace)\nE       selenium.common.exceptions.JavascriptException: Message: javascript error: {\"status\":32,\"value\":\"Unable to locate an element with the xpath expression //select[@name='servicename because of the following error:\\nSyntaxError: Failed to execute 'evaluate' on 'Document': The string '//select[@name='servicename' is not a valid XPath expression.\"}\nE         (Session info: chrome=124.0.6367.119)\nE       Stacktrace:\nE       \tGetHandleVerifier [0x00007FF7E0AC1572+60802]\nE       \t(No symbol) [0x00007FF7E0A3AC72]\nE       \t(No symbol) [0x00007FF7E08F7CE4]\nE       \t(No symbol) [0x00007FF7E08FDE26]\nE       \t(No symbol) [0x00007FF7E09001DB]\nE       \t(No symbol) [0x00007FF7E0900280]\nE       \t(No symbol) [0x00007FF7E0946A11]\nE       \t(No symbol) [0x00007FF7E0946E1C]\nE       \t(No symbol) [0x00007FF7E098CE37]\nE       \t(No symbol) [0x00007FF7E096ABBF]\nE       \t(No symbol) [0x00007FF7E098A224]\nE       \t(No symbol) [0x00007FF7E096A923]\nE       \t(No symbol) [0x00007FF7E0938FEC]\nE       \t(No symbol) [0x00007FF7E0939C21]\nE       \tGetHandleVerifier [0x00007FF7E0DC420D+3217949]\nE       \tGetHandleVerifier [0x00007FF7E0E061A7+3488183]\nE       \tGetHandleVerifier [0x00007FF7E0DFF12F+3459391]\nE       \tGetHandleVerifier [0x00007FF7E0B7B936+823622]\nE       \t(No symbol) [0x00007FF7E0A4600F]\nE       \t(No symbol) [0x00007FF7E0A40F34]\nE       \t(No symbol) [0x00007FF7E0A410C2]\nE       \t(No symbol) [0x00007FF7E0A31914]\nE       \tBaseThreadInitThunk [0x00007FFAD400257D+29]\nE       \tRtlUserThreadStart [0x00007FFAD5E4AA48+40]\n\nvenv\\Lib\\site-packages\\selenium\\webdriver\\remote\\errorhandler.py:229: JavascriptException"}, "attachments": [{"name": "siteload", "source": "113f5af7-ee17-4710-b912-3451d2f2efe3-attachment.png", "type": "image/png"}, {"name": "click_login_button", "source": "3e0ea35c-94b9-45b4-88d5-205325d4225a-attachment.png", "type": "image/png"}, {"name": "email and password", "source": "3e691fb4-a6d1-4791-9f5c-8d5ecf34abda-attachment.png", "type": "image/png"}, {"name": "after login", "source": "a34c5912-5f4b-43f6-8ec1-9398b56ad992-attachment.png", "type": "image/png"}, {"name": "click_employee drawer", "source": "975726ac-1726-4dfa-8514-83d97c7198a6-attachment.png", "type": "image/png"}, {"name": "select_employee_name", "source": "882df6d2-98da-4bf1-813c-e950ebd4c78b-attachment.png", "type": "image/png"}, {"name": "select_employee_name", "source": "73930866-6f3d-4235-9ef8-163d3b201dd5-attachment.png", "type": "image/png"}, {"name": "Month date select", "source": "548fd7f4-cc0d-462f-8637-53a73a1731fa-attachment.png", "type": "image/png"}, {"name": "click_user_drawer", "source": "823487f4-9018-401d-a232-5b2e1f210b1f-attachment.png", "type": "image/png"}, {"name": "select_user_name", "source": "d129ecd4-732a-4b83-a7d6-9b73287fa249-attachment.png", "type": "image/png"}], "start": 1715172665125, "stop": 1715172742261, "uuid": "4c574615-81c9-43fe-82f9-7cf6d874305a", "historyId": "ee5cea4a028037182ab0a7631ade7d95", "testCaseId": "ee5cea4a028037182ab0a7631ade7d95", "fullName": "ezi_backend_automation.test_partner_automation#test_user_flow", "labels": [{"name": "parentSuite", "value": "ezi_backend_automation"}, {"name": "suite", "value": "test_partner_automation"}, {"name": "host", "value": "Ravi"}, {"name": "thread", "value": "11316-MainThread"}, {"name": "framework", "value": "pytest"}, {"name": "language", "value": "cpython3"}, {"name": "package", "value": "ezi_backend_automation.test_partner_automation"}]}