{"name": "test_user_flow", "status": "broken", "statusDetails": {"message": "selenium.common.exceptions.NoSuchElementException: Message: no such element: Unable to locate element: {\"method\":\"xpath\",\"selector\":\"//ul[@class='mes_nav']//a[normalize-space()='Mes rendez-vous']\"}\n  (Session info: chrome=124.0.6367.119); For documentation on this error, please visit: https://www.selenium.dev/documentation/webdriver/troubleshooting/errors#no-such-element-exception\nStacktrace:\n\tGetHandleVerifier [0x00007FF7CA1E1502+60802]\n\t(No symbol) [0x00007FF7CA15AC02]\n\t(No symbol) [0x00007FF7CA017CE4]\n\t(No symbol) [0x00007FF7CA066D4D]\n\t(No symbol) [0x00007FF7CA066E1C]\n\t(No symbol) [0x00007FF7CA0ACE37]\n\t(No symbol) [0x00007FF7CA08ABBF]\n\t(No symbol) [0x00007FF7CA0AA224]\n\t(No symbol) [0x00007FF7CA08A923]\n\t(No symbol) [0x00007FF7CA058FEC]\n\t(No symbol) [0x00007FF7CA059C21]\n\tGetHandleVerifier [0x00007FF7CA4E411D+3217821]\n\tGetHandleVerifier [0x00007FF7CA5260B7+3488055]\n\tGetHandleVerifier [0x00007FF7CA51F03F+3459263]\n\tGetHandleVerifier [0x00007FF7CA29B846+823494]\n\t(No symbol) [0x00007FF7CA165F9F]\n\t(No symbol) [0x00007FF7CA160EC4]\n\t(No symbol) [0x00007FF7CA161052]\n\t(No symbol) [0x00007FF7CA1518A4]\n\tBaseThreadInitThunk [0x00007FFAD37B257D+29]\n\tRtlUserThreadStart [0x00007FFAD5ACAA48+40]", "trace": "def test_user_flow():\n        # Initialize the WebDriver (change the driver path as needed)\n        driver = webdriver.Chrome()\n    \n        try:\n>           execute_test_with_maximized_screen(driver)\n\nezi_front_end_automation\\test_user_flow.py:78: \n_ _ _ _ _ _ _ _ _ _ _ _ _ _ _ _ _ _ _ _ _ _ _ _ _ _ _ _ _ _ _ _ _ _ _ _ _ _ _ _ _ _ _ _ _ _ _ _ _ _ _ _ _ _ _ _ _ _ _ _ _ _ _ _ _ _ _ _ _ _ _ _ _ _ _ _ _ _ _ _ _ _ _ _ _ _ _ _ _ _ _ _ _ _ _ _ _ _ _ _ _ _ _ _ _ _ _ _ _ _ _ _ _ _\nezi_front_end_automation\\test_user_flow.py:51: in execute_test_with_maximized_screen\n    click_my_appointment=driver.find_element(By.XPATH,\"//ul[@class='mes_nav']//a[normalize-space()='Mes rendez-vous']\").click()\n..\\..\\AppData\\Local\\Programs\\Python\\Python311\\Lib\\site-packages\\selenium\\webdriver\\remote\\webdriver.py:739: in find_element\n    return self.execute(Command.FIND_ELEMENT, {\"using\": by, \"value\": value})[\"value\"]\n..\\..\\AppData\\Local\\Programs\\Python\\Python311\\Lib\\site-packages\\selenium\\webdriver\\remote\\webdriver.py:345: in execute\n    self.error_handler.check_response(response)\n_ _ _ _ _ _ _ _ _ _ _ _ _ _ _ _ _ _ _ _ _ _ _ _ _ _ _ _ _ _ _ _ _ _ _ _ _ _ _ _ _ _ _ _ _ _ _ _ _ _ _ _ _ _ _ _ _ _ _ _ _ _ _ _ _ _ _ _ _ _ _ _ _ _ _ _ _ _ _ _ _ _ _ _ _ _ _ _ _ _ _ _ _ _ _ _ _ _ _ _ _ _ _ _ _ _ _ _ _ _ _ _ _ _\n\nself = <selenium.webdriver.remote.errorhandler.ErrorHandler object at 0x000001C310731A90>\nresponse = {'status': 404, 'value': '{\"value\":{\"error\":\"no such element\",\"message\":\"no such element: Unable to locate element: {\\...07FF7CA1518A4]\\\\n\\\\tBaseThreadInitThunk [0x00007FFAD37B257D+29]\\\\n\\\\tRtlUserThreadStart [0x00007FFAD5ACAA48+40]\\\\n\"}}'}\n\n    def check_response(self, response: Dict[str, Any]) -> None:\n        \"\"\"Checks that a JSON response from the WebDriver does not have an\n        error.\n    \n        :Args:\n         - response - The JSON response from the WebDriver server as a dictionary\n           object.\n    \n        :Raises: If the response contains an error message.\n        \"\"\"\n        status = response.get(\"status\", None)\n        if not status or status == ErrorCode.SUCCESS:\n            return\n        value = None\n        message = response.get(\"message\", \"\")\n        screen: str = response.get(\"screen\", \"\")\n        stacktrace = None\n        if isinstance(status, int):\n            value_json = response.get(\"value\", None)\n            if value_json and isinstance(value_json, str):\n                import json\n    \n                try:\n                    value = json.loads(value_json)\n                    if len(value) == 1:\n                        value = value[\"value\"]\n                    status = value.get(\"error\", None)\n                    if not status:\n                        status = value.get(\"status\", ErrorCode.UNKNOWN_ERROR)\n                        message = value.get(\"value\") or value.get(\"message\")\n                        if not isinstance(message, str):\n                            value = message\n                            message = message.get(\"message\")\n                    else:\n                        message = value.get(\"message\", None)\n                except ValueError:\n                    pass\n    \n        exception_class: Type[WebDriverException]\n        e = ErrorCode()\n        error_codes = [item for item in dir(e) if not item.startswith(\"__\")]\n        for error_code in error_codes:\n            error_info = getattr(ErrorCode, error_code)\n            if isinstance(error_info, list) and status in error_info:\n                exception_class = getattr(ExceptionMapping, error_code, WebDriverException)\n                break\n        else:\n            exception_class = WebDriverException\n    \n        if not value:\n            value = response[\"value\"]\n        if isinstance(value, str):\n            raise exception_class(value)\n        if message == \"\" and \"message\" in value:\n            message = value[\"message\"]\n    \n        screen = None  # type: ignore[assignment]\n        if \"screen\" in value:\n            screen = value[\"screen\"]\n    \n        stacktrace = None\n        st_value = value.get(\"stackTrace\") or value.get(\"stacktrace\")\n        if st_value:\n            if isinstance(st_value, str):\n                stacktrace = st_value.split(\"\\n\")\n            else:\n                stacktrace = []\n                try:\n                    for frame in st_value:\n                        line = frame.get(\"lineNumber\", \"\")\n                        file = frame.get(\"fileName\", \"<anonymous>\")\n                        if line:\n                            file = f\"{file}:{line}\"\n                        meth = frame.get(\"methodName\", \"<anonymous>\")\n                        if \"className\" in frame:\n                            meth = f\"{frame['className']}.{meth}\"\n                        msg = \"    at %s (%s)\"\n                        msg = msg % (meth, file)\n                        stacktrace.append(msg)\n                except TypeError:\n                    pass\n        if exception_class == UnexpectedAlertPresentException:\n            alert_text = None\n            if \"data\" in value:\n                alert_text = value[\"data\"].get(\"text\")\n            elif \"alert\" in value:\n                alert_text = value[\"alert\"].get(\"text\")\n            raise exception_class(message, screen, stacktrace, alert_text)  # type: ignore[call-arg]  # mypy is not smart enough here\n>       raise exception_class(message, screen, stacktrace)\nE       selenium.common.exceptions.NoSuchElementException: Message: no such element: Unable to locate element: {\"method\":\"xpath\",\"selector\":\"//ul[@class='mes_nav']//a[normalize-space()='Mes rendez-vous']\"}\nE         (Session info: chrome=124.0.6367.119); For documentation on this error, please visit: https://www.selenium.dev/documentation/webdriver/troubleshooting/errors#no-such-element-exception\nE       Stacktrace:\nE       \tGetHandleVerifier [0x00007FF7CA1E1502+60802]\nE       \t(No symbol) [0x00007FF7CA15AC02]\nE       \t(No symbol) [0x00007FF7CA017CE4]\nE       \t(No symbol) [0x00007FF7CA066D4D]\nE       \t(No symbol) [0x00007FF7CA066E1C]\nE       \t(No symbol) [0x00007FF7CA0ACE37]\nE       \t(No symbol) [0x00007FF7CA08ABBF]\nE       \t(No symbol) [0x00007FF7CA0AA224]\nE       \t(No symbol) [0x00007FF7CA08A923]\nE       \t(No symbol) [0x00007FF7CA058FEC]\nE       \t(No symbol) [0x00007FF7CA059C21]\nE       \tGetHandleVerifier [0x00007FF7CA4E411D+3217821]\nE       \tGetHandleVerifier [0x00007FF7CA5260B7+3488055]\nE       \tGetHandleVerifier [0x00007FF7CA51F03F+3459263]\nE       \tGetHandleVerifier [0x00007FF7CA29B846+823494]\nE       \t(No symbol) [0x00007FF7CA165F9F]\nE       \t(No symbol) [0x00007FF7CA160EC4]\nE       \t(No symbol) [0x00007FF7CA161052]\nE       \t(No symbol) [0x00007FF7CA1518A4]\nE       \tBaseThreadInitThunk [0x00007FFAD37B257D+29]\nE       \tRtlUserThreadStart [0x00007FFAD5ACAA48+40]\n\n..\\..\\AppData\\Local\\Programs\\Python\\Python311\\Lib\\site-packages\\selenium\\webdriver\\remote\\errorhandler.py:229: NoSuchElementException"}, "attachments": [{"name": "siteload", "source": "08a408bd-56ac-4a6f-a283-79979a5d2d15-attachment.png", "type": "image/png"}, {"name": "click_login_button", "source": "21379cb1-29b5-4efb-954f-164f05181b69-attachment.png", "type": "image/png"}, {"name": "email and password", "source": "e96214a5-de37-4277-aa8b-35da85512560-attachment.png", "type": "image/png"}, {"name": "after login", "source": "979e34cb-bda9-4d4e-b1d2-e004100f51dd-attachment.png", "type": "image/png"}], "start": 1714830247616, "stop": 1714830276855, "uuid": "d0be4d56-001d-4907-af7f-3fdfe7c470c0", "historyId": "d964e673b68a67a41fe795f4f9df1629", "testCaseId": "d964e673b68a67a41fe795f4f9df1629", "fullName": "ezi_front_end_automation.test_user_flow#test_user_flow", "labels": [{"name": "parentSuite", "value": "ezi_front_end_automation"}, {"name": "suite", "value": "test_user_flow"}, {"name": "host", "value": "Ravi"}, {"name": "thread", "value": "16028-MainThread"}, {"name": "framework", "value": "pytest"}, {"name": "language", "value": "cpython3"}, {"name": "package", "value": "ezi_front_end_automation.test_user_flow"}]}