{"name": "test_user_flow", "status": "broken", "statusDetails": {"message": "selenium.common.exceptions.JavascriptException: Message: javascript error: {\"status\":32,\"value\":\"Unable to locate an element with the xpath expression //select[@id='source_platfo because of the following error:\\nSyntaxError: Failed to execute 'evaluate' on 'Document': The string '//select[@id='source_platfo' is not a valid XPath expression.\"}\n  (Session info: chrome=124.0.6367.119)\nStacktrace:\n\tGetHandleVerifier [0x00007FF7D36A1572+60802]\n\t(No symbol) [0x00007FF7D361AC72]\n\t(No symbol) [0x00007FF7D34D7CE4]\n\t(No symbol) [0x00007FF7D34DDE26]\n\t(No symbol) [0x00007FF7D34E01DB]\n\t(No symbol) [0x00007FF7D34E0280]\n\t(No symbol) [0x00007FF7D3526A11]\n\t(No symbol) [0x00007FF7D3526E1C]\n\t(No symbol) [0x00007FF7D356CE37]\n\t(No symbol) [0x00007FF7D354ABBF]\n\t(No symbol) [0x00007FF7D356A224]\n\t(No symbol) [0x00007FF7D354A923]\n\t(No symbol) [0x00007FF7D3518FEC]\n\t(No symbol) [0x00007FF7D3519C21]\n\tGetHandleVerifier [0x00007FF7D39A420D+3217949]\n\tGetHandleVerifier [0x00007FF7D39E61A7+3488183]\n\tGetHandleVerifier [0x00007FF7D39DF12F+3459391]\n\tGetHandleVerifier [0x00007FF7D375B936+823622]\n\t(No symbol) [0x00007FF7D362600F]\n\t(No symbol) [0x00007FF7D3620F34]\n\t(No symbol) [0x00007FF7D36210C2]\n\t(No symbol) [0x00007FF7D3611914]\n\tBaseThreadInitThunk [0x00007FFAD400257D+29]\n\tRtlUserThreadStart [0x00007FFAD5E4AA48+40]", "trace": "def test_user_flow():\n        # Initialize the WebDriver (change the driver path as needed)\n        driver = webdriver.Chrome()\n    \n        try:\n>           execute_test_with_maximized_screen(driver)\n\nezi_front_end_automation\\test_user_enquiry_flow.py:246: \n_ _ _ _ _ _ _ _ _ _ _ _ _ _ _ _ _ _ _ _ _ _ _ _ _ _ _ _ _ _ _ _ _ _ _ _ _ _ _ _ _ _ _ _ _ _ _ _ _ _ _ _ _ _ _ _ _ _ _ _ _ _ _ _ _ _ _ _ _ _ _ _ _ _ _ _ _ _ _ _ _ _ _ _ _ _ _ _ _ _ _ _ _ _ _ _ _ _ _ _ _ _ _ _ _ _ _ _ _ _ _ _ _ _\nezi_front_end_automation\\test_user_enquiry_flow.py:75: in execute_test_with_maximized_screen\n    click_mouth=driver.find_element(By.XPATH,\"//select[@id='source_platfo\")\nvenv\\Lib\\site-packages\\selenium\\webdriver\\remote\\webdriver.py:741: in find_element\n    return self.execute(Command.FIND_ELEMENT, {\"using\": by, \"value\": value})[\"value\"]\nvenv\\Lib\\site-packages\\selenium\\webdriver\\remote\\webdriver.py:347: in execute\n    self.error_handler.check_response(response)\n_ _ _ _ _ _ _ _ _ _ _ _ _ _ _ _ _ _ _ _ _ _ _ _ _ _ _ _ _ _ _ _ _ _ _ _ _ _ _ _ _ _ _ _ _ _ _ _ _ _ _ _ _ _ _ _ _ _ _ _ _ _ _ _ _ _ _ _ _ _ _ _ _ _ _ _ _ _ _ _ _ _ _ _ _ _ _ _ _ _ _ _ _ _ _ _ _ _ _ _ _ _ _ _ _ _ _ _ _ _ _ _ _ _\n\nself = <selenium.webdriver.remote.errorhandler.ErrorHandler object at 0x00000144E7AB6F90>\nresponse = {'status': 500, 'value': '{\"value\":{\"error\":\"javascript error\",\"message\":\"javascript error: {\\\\\"status\\\\\":32,\\\\\"value\\...07FF7D3611914]\\\\n\\\\tBaseThreadInitThunk [0x00007FFAD400257D+29]\\\\n\\\\tRtlUserThreadStart [0x00007FFAD5E4AA48+40]\\\\n\"}}'}\n\n    def check_response(self, response: Dict[str, Any]) -> None:\n        \"\"\"Checks that a JSON response from the WebDriver does not have an\n        error.\n    \n        :Args:\n         - response - The JSON response from the WebDriver server as a dictionary\n           object.\n    \n        :Raises: If the response contains an error message.\n        \"\"\"\n        status = response.get(\"status\", None)\n        if not status or status == ErrorCode.SUCCESS:\n            return\n        value = None\n        message = response.get(\"message\", \"\")\n        screen: str = response.get(\"screen\", \"\")\n        stacktrace = None\n        if isinstance(status, int):\n            value_json = response.get(\"value\", None)\n            if value_json and isinstance(value_json, str):\n                import json\n    \n                try:\n                    value = json.loads(value_json)\n                    if len(value) == 1:\n                        value = value[\"value\"]\n                    status = value.get(\"error\", None)\n                    if not status:\n                        status = value.get(\"status\", ErrorCode.UNKNOWN_ERROR)\n                        message = value.get(\"value\") or value.get(\"message\")\n                        if not isinstance(message, str):\n                            value = message\n                            message = message.get(\"message\")\n                    else:\n                        message = value.get(\"message\", None)\n                except ValueError:\n                    pass\n    \n        exception_class: Type[WebDriverException]\n        e = ErrorCode()\n        error_codes = [item for item in dir(e) if not item.startswith(\"__\")]\n        for error_code in error_codes:\n            error_info = getattr(ErrorCode, error_code)\n            if isinstance(error_info, list) and status in error_info:\n                exception_class = getattr(ExceptionMapping, error_code, WebDriverException)\n                break\n        else:\n            exception_class = WebDriverException\n    \n        if not value:\n            value = response[\"value\"]\n        if isinstance(value, str):\n            raise exception_class(value)\n        if message == \"\" and \"message\" in value:\n            message = value[\"message\"]\n    \n        screen = None  # type: ignore[assignment]\n        if \"screen\" in value:\n            screen = value[\"screen\"]\n    \n        stacktrace = None\n        st_value = value.get(\"stackTrace\") or value.get(\"stacktrace\")\n        if st_value:\n            if isinstance(st_value, str):\n                stacktrace = st_value.split(\"\\n\")\n            else:\n                stacktrace = []\n                try:\n                    for frame in st_value:\n                        line = frame.get(\"lineNumber\", \"\")\n                        file = frame.get(\"fileName\", \"<anonymous>\")\n                        if line:\n                            file = f\"{file}:{line}\"\n                        meth = frame.get(\"methodName\", \"<anonymous>\")\n                        if \"className\" in frame:\n                            meth = f\"{frame['className']}.{meth}\"\n                        msg = \"    at %s (%s)\"\n                        msg = msg % (meth, file)\n                        stacktrace.append(msg)\n                except TypeError:\n                    pass\n        if exception_class == UnexpectedAlertPresentException:\n            alert_text = None\n            if \"data\" in value:\n                alert_text = value[\"data\"].get(\"text\")\n            elif \"alert\" in value:\n                alert_text = value[\"alert\"].get(\"text\")\n            raise exception_class(message, screen, stacktrace, alert_text)  # type: ignore[call-arg]  # mypy is not smart enough here\n>       raise exception_class(message, screen, stacktrace)\nE       selenium.common.exceptions.JavascriptException: Message: javascript error: {\"status\":32,\"value\":\"Unable to locate an element with the xpath expression //select[@id='source_platfo because of the following error:\\nSyntaxError: Failed to execute 'evaluate' on 'Document': The string '//select[@id='source_platfo' is not a valid XPath expression.\"}\nE         (Session info: chrome=124.0.6367.119)\nE       Stacktrace:\nE       \tGetHandleVerifier [0x00007FF7D36A1572+60802]\nE       \t(No symbol) [0x00007FF7D361AC72]\nE       \t(No symbol) [0x00007FF7D34D7CE4]\nE       \t(No symbol) [0x00007FF7D34DDE26]\nE       \t(No symbol) [0x00007FF7D34E01DB]\nE       \t(No symbol) [0x00007FF7D34E0280]\nE       \t(No symbol) [0x00007FF7D3526A11]\nE       \t(No symbol) [0x00007FF7D3526E1C]\nE       \t(No symbol) [0x00007FF7D356CE37]\nE       \t(No symbol) [0x00007FF7D354ABBF]\nE       \t(No symbol) [0x00007FF7D356A224]\nE       \t(No symbol) [0x00007FF7D354A923]\nE       \t(No symbol) [0x00007FF7D3518FEC]\nE       \t(No symbol) [0x00007FF7D3519C21]\nE       \tGetHandleVerifier [0x00007FF7D39A420D+3217949]\nE       \tGetHandleVerifier [0x00007FF7D39E61A7+3488183]\nE       \tGetHandleVerifier [0x00007FF7D39DF12F+3459391]\nE       \tGetHandleVerifier [0x00007FF7D375B936+823622]\nE       \t(No symbol) [0x00007FF7D362600F]\nE       \t(No symbol) [0x00007FF7D3620F34]\nE       \t(No symbol) [0x00007FF7D36210C2]\nE       \t(No symbol) [0x00007FF7D3611914]\nE       \tBaseThreadInitThunk [0x00007FFAD400257D+29]\nE       \tRtlUserThreadStart [0x00007FFAD5E4AA48+40]\n\nvenv\\Lib\\site-packages\\selenium\\webdriver\\remote\\errorhandler.py:229: JavascriptException"}, "attachments": [{"name": "siteload", "source": "7908498f-3b9f-4a20-878b-a8c46e3219db-attachment.png", "type": "image/png"}, {"name": "Header Partner page", "source": "cff07b0f-cfca-4e39-becb-d1544c3b70e3-attachment.png", "type": "image/png"}, {"name": "redirect customer page", "source": "92a54f02-df0e-4d89-9932-62908ca8369e-attachment.png", "type": "image/png"}, {"name": "email submit", "source": "50a1e17a-b191-4921-a536-3d3c78f404a3-attachment.png", "type": "image/png"}, {"name": "Redirect to partner page", "source": "86f401dd-7ab0-4777-af73-a69fe10a53a7-attachment.png", "type": "image/png"}, {"name": "enquiry form popup open", "source": "6a54337f-928b-4369-ab74-05ccda4177fd-attachment.png", "type": "image/png"}], "start": 1715251261880, "stop": 1715251299565, "uuid": "738fb1b4-648b-4801-a0a9-50a869c2f713", "historyId": "30c87c0e6cccc8cee21e7d898ea5d506", "testCaseId": "30c87c0e6cccc8cee21e7d898ea5d506", "fullName": "ezi_front_end_automation.test_user_enquiry_flow#test_user_flow", "labels": [{"name": "parentSuite", "value": "ezi_front_end_automation"}, {"name": "suite", "value": "test_user_enquiry_flow"}, {"name": "host", "value": "Ravi"}, {"name": "thread", "value": "8392-MainThread"}, {"name": "framework", "value": "pytest"}, {"name": "language", "value": "cpython3"}, {"name": "package", "value": "ezi_front_end_automation.test_user_enquiry_flow"}]}